2015/11/29 16:26:03 にビルドを開始しました。
     1>ノード 2 上のプロジェクト "C:\Users\賢\Documents\GitHub\NKCHackathon_5\Game\Game.vcxproj" (Build ターゲット)。
     1>ClCompile:
         C:\Program Files (x86)\Microsoft Visual Studio 12.0\VC\bin\CL.exe /c /ZI /nologo /W4 /WX- /sdl /Od /Oy- /D WIN32 /D _DEBUG /D _WINDOWS /D _UNICODE /D UNICODE /Gm /EHsc /RTC1 /MTd /GS /fp:precise /Zc:wchar_t /Zc:forScope /Fo"Debug\\" /Fd"Debug\vc120.pdb" /Gd /TP /analyze- /errorReport:prompt Light.cpp Main.cpp
         Main.cpp
     1>c:\users\賢\documents\github\nkchackathon_5\game\main.cpp : warning C4819: ファイルは、現在のコード ページ (932) で表示できない文字を含んでいます。データの損失を防ぐために、ファイルを Unicode 形式で保存してください。
     1>c:\users\賢\documents\github\nkchackathon_5\game\main.cpp(18): warning C4189: 'light' : ローカル変数が初期化されましたが、参照されていません
         Light.cpp
         コードを生成中...
       Link:
         C:\Program Files (x86)\Microsoft Visual Studio 12.0\VC\bin\link.exe /ERRORREPORT:PROMPT /OUT:"C:\Users\賢\Documents\GitHub\NKCHackathon_5\Debug\Game.exe" /INCREMENTAL /NOLOGO kernel32.lib user32.lib gdi32.lib winspool.lib comdlg32.lib advapi32.lib shell32.lib ole32.lib oleaut32.lib uuid.lib odbc32.lib odbccp32.lib /MANIFEST /MANIFESTUAC:"level='asInvoker' uiAccess='false'" /manifest:embed /DEBUG /PDB:"C:\Users\賢\Documents\GitHub\NKCHackathon_5\Debug\Game.pdb" /SUBSYSTEM:WINDOWS /TLBID:1 /DYNAMICBASE /NXCOMPAT /IMPLIB:"C:\Users\賢\Documents\GitHub\NKCHackathon_5\Debug\Game.lib" /MACHINE:X86 Debug\RC.res
         Debug\Light.obj
         Debug\Main.obj
         Debug\Ship.obj
     1>Main.obj : error LNK2001: 外部シンボル ""public: virtual int __thiscall Watson::Light::Init(void)" (?Init@Light@Watson@@UAEHXZ)" は未解決です。
     1>Main.obj : error LNK2001: 外部シンボル ""public: virtual int __thiscall Watson::Light::Update(void)" (?Update@Light@Watson@@UAEHXZ)" は未解決です。
     1>Main.obj : error LNK2001: 外部シンボル ""public: virtual int __thiscall Watson::Light::Draw(void)" (?Draw@Light@Watson@@UAEHXZ)" は未解決です。
     1>Main.obj : error LNK2001: 外部シンボル ""public: virtual int __thiscall Watson::Light::Release(void)" (?Release@Light@Watson@@UAEHXZ)" は未解決です。
     1>C:\Users\賢\Documents\GitHub\NKCHackathon_5\Debug\Game.exe : fatal error LNK1120: 4 件の未解決の外部参照
     1>プロジェクト "C:\Users\賢\Documents\GitHub\NKCHackathon_5\Game\Game.vcxproj" (Build ターゲット) のビルドが終了しました -- 失敗。

ビルドに失敗しました。

経過時間 00:00:14.52
